0 info it worked if it ends with ok
1 verbose cli [ 'node', '/usr/local/bin/npm', 'install', 'spm', '-g' ]
2 info using npm@1.2.24
3 info using node@v0.10.8
4 verbose read json /usr/local/lib/package.json
5 verbose read json /usr/local/lib/package.json
6 verbose cache add [ 'spm', null ]
7 verbose cache add name=undefined spec="spm" args=["spm",null]
8 verbose parsed url { protocol: null,
8 verbose parsed url   slashes: null,
8 verbose parsed url   auth: null,
8 verbose parsed url   host: null,
8 verbose parsed url   port: null,
8 verbose parsed url   hostname: null,
8 verbose parsed url   hash: null,
8 verbose parsed url   search: null,
8 verbose parsed url   query: null,
8 verbose parsed url   pathname: 'spm',
8 verbose parsed url   path: 'spm',
8 verbose parsed url   href: 'spm' }
9 silly lockFile e03f10fa-spm spm
10 verbose lock spm /home/nighca/.npm/e03f10fa-spm.lock
11 silly lockFile e03f10fa-spm spm
12 verbose addNamed [ 'spm', '' ]
13 verbose addNamed [ null, '' ]
14 silly lockFile 2f211a58-spm spm@
15 verbose lock spm@ /home/nighca/.npm/2f211a58-spm.lock
16 silly lockFile 2f211a58-spm spm@
17 error Error: EACCES, open '/home/nighca/.npm/2f211a58-spm.lock'
17 error  { [Error: EACCES, open '/home/nighca/.npm/2f211a58-spm.lock']
17 error   errno: 3,
17 error   code: 'EACCES',
17 error   path: '/home/nighca/.npm/2f211a58-spm.lock' }
18 error Please try running this command again as root/Administrator.
19 error System Linux 3.5.0-31-generic
20 error command "node" "/usr/local/bin/npm" "install" "spm" "-g"
21 error cwd /home/nighca/code/nireader-nj
22 error node -v v0.10.8
23 error npm -v 1.2.24
24 error path /home/nighca/.npm/2f211a58-spm.lock
25 error code EACCES
26 error errno 3
27 error stack Error: EACCES, open '/home/nighca/.npm/2f211a58-spm.lock'
28 verbose exit [ 3, true ]
